<?xml version="1.0" encoding="UTF-8"?>
<coverage generated="1676163135159" clover="3.2.0">
  <project timestamp="1676163135159" name="All files">
    <metrics statements="23" coveredstatements="23" conditionals="16" coveredconditionals="16" methods="5" coveredmethods="5" elements="44" coveredelements="44" complexity="0" loc="23" ncloc="23" packages="2" files="4" classes="4"/>
    <package name="src">
      <metrics statements="3" coveredstatements="3" conditionals="0" coveredconditionals="0" methods="0" coveredmethods="0"/>
      <file name="index.js" path="E:\my_project\jsmethod-extra\src\index.js">
        <metrics statements="3" coveredstatements="3" conditionals="0" coveredconditionals="0" methods="0" coveredmethods="0"/>
        <line num="1" count="1" type="stmt"/>
        <line num="2" count="1" type="stmt"/>
        <line num="3" count="1" type="stmt"/>
      </file>
    </package>
    <package name="src.helpr">
      <metrics statements="20" coveredstatements="20" conditionals="16" coveredconditionals="16" methods="5" coveredmethods="5"/>
      <file name="addUrlPrefix.js" path="E:\my_project\jsmethod-extra\src\helpr\addUrlPrefix.js">
        <metrics statements="15" coveredstatements="15" conditionals="10" coveredconditionals="10" methods="1" coveredmethods="1"/>
        <line num="1" count="1" type="stmt"/>
        <line num="2" count="1" type="stmt"/>
        <line num="3" count="1" type="stmt"/>
        <line num="4" count="1" type="cond" truecount="4" falsecount="0"/>
        <line num="5" count="6" type="stmt"/>
        <line num="6" count="6" type="cond" truecount="1" falsecount="0"/>
        <line num="7" count="6" type="cond" truecount="1" falsecount="0"/>
        <line num="8" count="6" type="cond" truecount="1" falsecount="0"/>
        <line num="9" count="6" type="cond" truecount="1" falsecount="0"/>
        <line num="10" count="2" type="stmt"/>
        <line num="11" count="6" type="stmt"/>
        <line num="12" count="6" type="cond" truecount="2" falsecount="0"/>
        <line num="13" count="1" type="stmt"/>
        <line num="14" count="1" type="stmt"/>
        <line num="15" count="1" type="stmt"/>
      </file>
      <file name="isTypes.js" path="E:\my_project\jsmethod-extra\src\helpr\isTypes.js">
        <metrics statements="3" coveredstatements="3" conditionals="3" coveredconditionals="3" methods="3" coveredmethods="3"/>
        <line num="1" count="1" type="cond" truecount="1" falsecount="0"/>
        <line num="2" count="1" type="cond" truecount="1" falsecount="0"/>
        <line num="3" count="1" type="cond" truecount="1" falsecount="0"/>
      </file>
      <file name="joinPathNoResolve.js" path="E:\my_project\jsmethod-extra\src\helpr\joinPathNoResolve.js">
        <metrics statements="2" coveredstatements="2" conditionals="3" coveredconditionals="3" methods="1" coveredmethods="1"/>
        <line num="1" count="1" type="cond" truecount="2" falsecount="0"/>
        <line num="2" count="9" type="cond" truecount="1" falsecount="0"/>
      </file>
    </package>
  </project>
</coverage>
