<?xml version="1.0" encoding="UTF-8"?>
<coverage generated="1676128361452" clover="3.2.0">
  <project timestamp="1676128361452" name="All files">
    <metrics statements="22" coveredstatements="11" conditionals="7" coveredconditionals="3" methods="5" coveredmethods="2" elements="34" coveredelements="16" complexity="0" loc="22" ncloc="22" packages="2" files="4" classes="4"/>
    <package name="src">
      <metrics statements="3" coveredstatements="3" conditionals="6" coveredconditionals="2" methods="1" coveredmethods="1"/>
      <file name="index.js" path="E:\my_project\jsmethod-extra\src\index.js">
        <metrics statements="3" coveredstatements="3" conditionals="6" coveredconditionals="2" methods="1" coveredmethods="1"/>
        <line num="1" count="1" type="stmt"/>
        <line num="2" count="1" type="cond" truecount="2" falsecount="4"/>
        <line num="3" count="1" type="stmt"/>
      </file>
    </package>
    <package name="src.helpr">
      <metrics statements="19" coveredstatements="8" conditionals="1" coveredconditionals="1" methods="4" coveredmethods="1"/>
      <file name="addUrlPrefix.js" path="E:\my_project\jsmethod-extra\src\helpr\addUrlPrefix.js">
        <metrics statements="15" coveredstatements="4" conditionals="0" coveredconditionals="0" methods="1" coveredmethods="0"/>
        <line num="1" count="1" type="stmt"/>
        <line num="2" count="1" type="stmt"/>
        <line num="3" count="1" type="stmt"/>
        <line num="4" count="1" type="stmt"/>
        <line num="5" count="0" type="stmt"/>
        <line num="6" count="0" type="stmt"/>
        <line num="7" count="0" type="stmt"/>
        <line num="8" count="0" type="stmt"/>
        <line num="9" count="0" type="stmt"/>
        <line num="10" count="0" type="stmt"/>
        <line num="11" count="0" type="stmt"/>
        <line num="12" count="0" type="stmt"/>
        <line num="13" count="0" type="stmt"/>
        <line num="14" count="0" type="stmt"/>
        <line num="15" count="0" type="stmt"/>
      </file>
      <file name="isTypes.js" path="E:\my_project\jsmethod-extra\src\helpr\isTypes.js">
        <metrics statements="2" coveredstatements="2" conditionals="1" coveredconditionals="1" methods="2" coveredmethods="1"/>
        <line num="1" count="1" type="cond" truecount="1" falsecount="0"/>
        <line num="2" count="1" type="stmt"/>
      </file>
      <file name="joinPathNoResolve.js" path="E:\my_project\jsmethod-extra\src\helpr\joinPathNoResolve.js">
        <metrics statements="2" coveredstatements="2" conditionals="0" coveredconditionals="0" methods="1" coveredmethods="0"/>
        <line num="1" count="1" type="stmt"/>
        <line num="2" count="1" type="stmt"/>
      </file>
    </package>
  </project>
</coverage>
