{"E:\\my_project\\jsmethod-extra\\src\\index.js": {"path":"E:\\my_project\\jsmethod-extra\\src\\index.js","all":false,"statementMap":{"0":{"start":{"line":1,"column":0},"end":{"line":1,"column":62}},"1":{"start":{"line":2,"column":0},"end":{"line":2,"column":64}},"2":{"start":{"line":3,"column":0},"end":{"line":3,"column":52}}},"s":{"0":1,"1":1,"2":1},"branchMap":{},"b":{},"fnMap":{},"f":{}}
,"E:\\my_project\\jsmethod-extra\\src\\helpr\\addUrlPrefix.js": {"path":"E:\\my_project\\jsmethod-extra\\src\\helpr\\addUrlPrefix.js","all":false,"statementMap":{"0":{"start":{"line":1,"column":0},"end":{"line":1,"column":46}},"1":{"start":{"line":2,"column":0},"end":{"line":2,"column":56}},"2":{"start":{"line":3,"column":0},"end":{"line":3,"column":0}},"3":{"start":{"line":4,"column":0},"end":{"line":4,"column":52}},"4":{"start":{"line":5,"column":0},"end":{"line":5,"column":6}},"5":{"start":{"line":6,"column":0},"end":{"line":6,"column":19}},"6":{"start":{"line":7,"column":0},"end":{"line":7,"column":22}},"7":{"start":{"line":8,"column":0},"end":{"line":8,"column":21}},"8":{"start":{"line":9,"column":0},"end":{"line":9,"column":24}},"9":{"start":{"line":10,"column":0},"end":{"line":10,"column":26}},"10":{"start":{"line":11,"column":0},"end":{"line":11,"column":3}},"11":{"start":{"line":12,"column":0},"end":{"line":12,"column":15}},"12":{"start":{"line":13,"column":0},"end":{"line":13,"column":0}},"13":{"start":{"line":14,"column":0},"end":{"line":14,"column":40}},"14":{"start":{"line":15,"column":0},"end":{"line":15,"column":2}}},"s":{"0":1,"1":1,"2":1,"3":1,"4":6,"5":6,"6":6,"7":6,"8":6,"9":2,"10":6,"11":6,"12":1,"13":1,"14":1},"branchMap":{"0":{"type":"branch","line":4,"loc":{"start":{"line":4,"column":28},"end":{"line":15,"column":2}},"locations":[{"start":{"line":4,"column":28},"end":{"line":15,"column":2}}]},"1":{"type":"branch","line":4,"loc":{"start":{"line":4,"column":40},"end":{"line":4,"column":43}},"locations":[{"start":{"line":4,"column":40},"end":{"line":4,"column":43}}]},"2":{"type":"branch","line":4,"loc":{"start":{"line":4,"column":40},"end":{"line":4,"column":43}},"locations":[{"start":{"line":4,"column":40},"end":{"line":4,"column":43}}]},"3":{"type":"branch","line":4,"loc":{"start":{"line":4,"column":40},"end":{"line":4,"column":46}},"locations":[{"start":{"line":4,"column":40},"end":{"line":4,"column":46}}]},"4":{"type":"branch","line":6,"loc":{"start":{"line":6,"column":16},"end":{"line":7,"column":19}},"locations":[{"start":{"line":6,"column":16},"end":{"line":7,"column":19}}]},"5":{"type":"branch","line":7,"loc":{"start":{"line":7,"column":19},"end":{"line":8,"column":18}},"locations":[{"start":{"line":7,"column":19},"end":{"line":8,"column":18}}]},"6":{"type":"branch","line":8,"loc":{"start":{"line":8,"column":18},"end":{"line":9,"column":21}},"locations":[{"start":{"line":8,"column":18},"end":{"line":9,"column":21}}]},"7":{"type":"branch","line":9,"loc":{"start":{"line":9,"column":21},"end":{"line":10,"column":26}},"locations":[{"start":{"line":9,"column":21},"end":{"line":10,"column":26}}]},"8":{"type":"branch","line":12,"loc":{"start":{"line":12,"column":4},"end":{"line":12,"column":15}},"locations":[{"start":{"line":12,"column":4},"end":{"line":12,"column":15}}]},"9":{"type":"branch","line":12,"loc":{"start":{"line":12,"column":14},"end":{"line":15,"column":2}},"locations":[{"start":{"line":12,"column":14},"end":{"line":15,"column":2}}]}},"b":{"0":[6],"1":[4],"2":[4],"3":[2],"4":[5],"5":[4],"6":[3],"7":[2],"8":[5],"9":[1]},"fnMap":{"0":{"name":"addUrlPrefix","decl":{"start":{"line":4,"column":28},"end":{"line":15,"column":2}},"loc":{"start":{"line":4,"column":28},"end":{"line":15,"column":2}},"line":4}},"f":{"0":6}}
,"E:\\my_project\\jsmethod-extra\\src\\helpr\\isTypes.js": {"path":"E:\\my_project\\jsmethod-extra\\src\\helpr\\isTypes.js","all":false,"statementMap":{"0":{"start":{"line":1,"column":0},"end":{"line":1,"column":41}},"1":{"start":{"line":2,"column":0},"end":{"line":2,"column":61}},"2":{"start":{"line":3,"column":0},"end":{"line":3,"column":65}}},"s":{"0":1,"1":1,"2":1},"branchMap":{"0":{"type":"branch","line":1,"loc":{"start":{"line":1,"column":23},"end":{"line":1,"column":41}},"locations":[{"start":{"line":1,"column":23},"end":{"line":1,"column":41}}]},"1":{"type":"branch","line":2,"loc":{"start":{"line":2,"column":24},"end":{"line":2,"column":61}},"locations":[{"start":{"line":2,"column":24},"end":{"line":2,"column":61}}]},"2":{"type":"branch","line":3,"loc":{"start":{"line":3,"column":26},"end":{"line":3,"column":65}},"locations":[{"start":{"line":3,"column":26},"end":{"line":3,"column":65}}]}},"b":{"0":[18],"1":[15],"2":[8]},"fnMap":{"0":{"name":"isEmpty","decl":{"start":{"line":1,"column":23},"end":{"line":1,"column":41}},"loc":{"start":{"line":1,"column":23},"end":{"line":1,"column":41}},"line":1},"1":{"name":"isString","decl":{"start":{"line":2,"column":24},"end":{"line":2,"column":61}},"loc":{"start":{"line":2,"column":24},"end":{"line":2,"column":61}},"line":2},"2":{"name":"isFunction","decl":{"start":{"line":3,"column":26},"end":{"line":3,"column":65}},"loc":{"start":{"line":3,"column":26},"end":{"line":3,"column":65}},"line":3}},"f":{"0":18,"1":15,"2":8}}
,"E:\\my_project\\jsmethod-extra\\src\\helpr\\joinPathNoResolve.js": {"path":"E:\\my_project\\jsmethod-extra\\src\\helpr\\joinPathNoResolve.js","all":false,"statementMap":{"0":{"start":{"line":1,"column":0},"end":{"line":1,"column":45}},"1":{"start":{"line":2,"column":0},"end":{"line":2,"column":47}}},"s":{"0":1,"1":9},"branchMap":{"0":{"type":"branch","line":1,"loc":{"start":{"line":1,"column":33},"end":{"line":2,"column":47}},"locations":[{"start":{"line":1,"column":33},"end":{"line":2,"column":47}}]},"1":{"type":"branch","line":1,"loc":{"start":{"line":1,"column":41},"end":{"line":1,"column":45}},"locations":[{"start":{"line":1,"column":41},"end":{"line":1,"column":45}}]},"2":{"type":"branch","line":2,"loc":{"start":{"line":2,"column":14},"end":{"line":2,"column":43}},"locations":[{"start":{"line":2,"column":14},"end":{"line":2,"column":43}}]}},"b":{"0":[9],"1":[18],"2":[18]},"fnMap":{"0":{"name":"joinPathNoResolve","decl":{"start":{"line":1,"column":33},"end":{"line":2,"column":47}},"loc":{"start":{"line":1,"column":33},"end":{"line":2,"column":47}},"line":1}},"f":{"0":9}}
}
