TN:
SF:src\index.js
FNF:0
FNH:0
DA:1,1
DA:2,1
DA:3,1
LF:3
LH:3
BRF:0
BRH:0
end_of_record
TN:
SF:src\helpr\addUrlPrefix.js
FN:4,addUrlPrefix
FNF:1
FNH:1
FNDA:6,addUrlPrefix
DA:1,1
DA:2,1
DA:3,1
DA:4,1
DA:5,6
DA:6,6
DA:7,6
DA:8,6
DA:9,6
DA:10,2
DA:11,6
DA:12,6
DA:13,1
DA:14,1
DA:15,1
LF:15
LH:15
BRDA:4,0,0,6
BRDA:4,1,0,4
BRDA:4,2,0,4
BRDA:4,3,0,2
BRDA:6,4,0,5
BRDA:7,5,0,4
BRDA:8,6,0,3
BRDA:9,7,0,2
BRDA:12,8,0,5
BRDA:12,9,0,1
BRF:10
BRH:10
end_of_record
TN:
SF:src\helpr\isTypes.js
FN:1,isEmpty
FN:2,isString
FN:3,isFunction
FNF:3
FNH:3
FNDA:18,isEmpty
FNDA:15,isString
FNDA:8,isFunction
DA:1,1
DA:2,1
DA:3,1
LF:3
LH:3
BRDA:1,0,0,18
BRDA:2,1,0,15
BRDA:3,2,0,8
BRF:3
BRH:3
end_of_record
TN:
SF:src\helpr\joinPathNoResolve.js
FN:1,joinPathNoResolve
FNF:1
FNH:1
FNDA:9,joinPathNoResolve
DA:1,1
DA:2,9
LF:2
LH:2
BRDA:1,0,0,9
BRDA:1,1,0,18
BRDA:2,2,0,18
BRF:3
BRH:3
end_of_record
