TN:
SF:src\index.js
FN:2,get
FNF:1
FNH:1
FNDA:1,get
DA:1,1
DA:2,1
DA:3,1
LF:3
LH:3
BRDA:2,0,0,2
BRDA:2,1,0,0
BRDA:2,2,0,0
BRDA:2,3,0,0
BRDA:2,4,0,0
BRDA:2,5,0,1
BRF:6
BRH:2
end_of_record
TN:
SF:src\helpr\addUrlPrefix.js
FN:4,addUrlPrefix
FNF:1
FNH:0
FNDA:0,addUrlPrefix
DA:1,1
DA:2,1
DA:3,1
DA:4,1
DA:5,0
DA:6,0
DA:7,0
DA:8,0
DA:9,0
DA:10,0
DA:11,0
DA:12,0
DA:13,0
DA:14,0
DA:15,0
LF:15
LH:4
BRF:0
BRH:0
end_of_record
TN:
SF:src\helpr\isTypes.js
FN:1,isEmpty
FN:2,isString
FNF:2
FNH:1
FNDA:7,isEmpty
FNDA:0,isString
DA:1,1
DA:2,1
LF:2
LH:2
BRDA:1,0,0,7
BRF:1
BRH:1
end_of_record
TN:
SF:src\helpr\joinPathNoResolve.js
FN:1,joinPathNoResolve
FNF:1
FNH:0
FNDA:0,joinPathNoResolve
DA:1,1
DA:2,1
LF:2
LH:2
BRF:0
BRH:0
end_of_record
